info: Sqoolctl.Program[0] @ 2024-12-13T09:36:20.0883722+01:00
      ### SQOOLCTL ### START [Production] ======================================
info: Sqoolctl.InitCommand[0] @ 2024-12-13T09:36:20.2761771+01:00
      Initalizing SSL...
info: Sqoolctl.InitCommand[0] @ 2024-12-13T09:36:28.6435859+01:00
      There is a used signed in. Registering session.
info: System.Net.Http.HttpClient.DeviceManagerService.LogicalHandler[RequestPipelineStart] @ 2024-12-13T09:36:28.6858003+01:00
      => HTTP POST http://localhost:7654/commands
      Start processing HTTP request POST http://localhost:7654/commands
info: System.Net.Http.HttpClient.DeviceManagerService.ClientHandler[RequestStart] @ 2024-12-13T09:36:28.7008608+01:00
      => HTTP POST http://localhost:7654/commands
      Sending HTTP request POST http://localhost:7654/commands
info: System.Net.Http.HttpClient.DeviceManagerService.ClientHandler[RequestEnd] @ 2024-12-13T09:36:31.5373741+01:00
      => HTTP POST http://localhost:7654/commands
      Received HTTP response headers after 2835.1126ms - 200
info: System.Net.Http.HttpClient.DeviceManagerService.LogicalHandler[RequestPipelineEnd] @ 2024-12-13T09:36:31.5424994+01:00
      => HTTP POST http://localhost:7654/commands
      End processing HTTP request after 2865.3075ms - 200
info: System.Net.Http.HttpClient.DeviceManagerService.LogicalHandler[RequestPipelineStart] @ 2024-12-13T09:36:31.5495170+01:00
      => HTTP POST http://localhost:7654/commands
      Start processing HTTP request POST http://localhost:7654/commands
info: System.Net.Http.HttpClient.DeviceManagerService.ClientHandler[RequestStart] @ 2024-12-13T09:36:31.5499173+01:00
      => HTTP POST http://localhost:7654/commands
      Sending HTTP request POST http://localhost:7654/commands
info: System.Net.Http.HttpClient.DeviceManagerService.ClientHandler[RequestEnd] @ 2024-12-13T09:36:31.5695218+01:00
      => HTTP POST http://localhost:7654/commands
      Received HTTP response headers after 19.5929ms - 200
info: System.Net.Http.HttpClient.DeviceManagerService.LogicalHandler[RequestPipelineEnd] @ 2024-12-13T09:36:31.5697610+01:00
      => HTTP POST http://localhost:7654/commands
      End processing HTTP request after 20.2887ms - 200
info: Sqoolctl.InitCommand[0] @ 2024-12-13T09:36:31.5710808+01:00
      Result of registering session: 0
info: Sqoolctl.Program[0] @ 2024-12-13T09:36:31.5821187+01:00
      ### SQOOLCTL ### STOP: [0] ===============================================
info: Sqoolctl.Program[0] @ 2024-12-13T09:36:29.1823711+01:00
      ### SQOOLCTL ### START [Production] ======================================
info: Sqoolctl.Program[0] @ 2024-12-13T09:36:38.9773647+01:00
      ### SQOOLCTL ### STOP: [0] ===============================================
info: Sqoolctl.Program[0] @ 2024-12-13T09:36:38.5240095+01:00
      ### SQOOLCTL ### START [Production] ======================================
info: Sqoolctl.EventCommand[0] @ 2024-12-13T09:36:38.6685820+01:00
      Received event [Boot] with arguments [] and user WORKGROUP\IFP219068526$, SA True
info: Sqoolctl.EventCommand[0] @ 2024-12-13T09:36:38.6691716+01:00
      Sending boot event to device manager...
info: System.Net.Http.HttpClient.DeviceManagerService.LogicalHandler[RequestPipelineStart] @ 2024-12-13T09:36:38.6899028+01:00
      => HTTP POST http://localhost:7654/commands
      Start processing HTTP request POST http://localhost:7654/commands
info: System.Net.Http.HttpClient.DeviceManagerService.ClientHandler[RequestStart] @ 2024-12-13T09:36:38.6944154+01:00
      => HTTP POST http://localhost:7654/commands
      Sending HTTP request POST http://localhost:7654/commands
info: System.Net.Http.HttpClient.DeviceManagerService.ClientHandler[RequestEnd] @ 2024-12-13T09:36:41.4013707+01:00
      => HTTP POST http://localhost:7654/commands
      Received HTTP response headers after 2702.6758ms - 200
info: System.Net.Http.HttpClient.DeviceManagerService.LogicalHandler[RequestPipelineEnd] @ 2024-12-13T09:36:41.4067663+01:00
      => HTTP POST http://localhost:7654/commands
      End processing HTTP request after 2724.3604ms - 200
info: Sqoolctl.Program[0] @ 2024-12-13T09:36:41.4258102+01:00
      ### SQOOLCTL ### STOP: [0] ===============================================
info: Sqoolctl.Program[0] @ 2024-12-13T09:38:18.4213782+01:00
      ### SQOOLCTL ### START [Production] ======================================
info: Sqoolctl.Program[0] @ 2024-12-13T09:38:18.6786346+01:00
      ### SQOOLCTL ### STOP: [0] ===============================================
info: Sqoolctl.Program[0] @ 2024-12-13T09:39:08.0568219+01:00
      ### SQOOLCTL ### START [Production] ======================================
info: Sqoolctl.Program[0] @ 2024-12-13T09:39:08.4691580+01:00
      ### SQOOLCTL ### STOP: [0] ===============================================
info: Sqoolctl.Program[0] @ 2024-12-13T09:39:59.0064480+01:00
      ### SQOOLCTL ### START [Production] ======================================
info: Sqoolctl.Program[0] @ 2024-12-13T09:39:59.4375822+01:00
      ### SQOOLCTL ### STOP: [0] ===============================================
info: Sqoolctl.Program[0] @ 2024-12-13T09:40:15.6880340+01:00
      ### SQOOLCTL ### START [Production] ======================================
info: Sqoolctl.Program[0] @ 2024-12-13T09:40:16.7125205+01:00
      ### SQOOLCTL ### STOP: [0] ===============================================
info: Sqoolctl.Program[0] @ 2024-12-13T09:40:43.6550728+01:00
      ### SQOOLCTL ### START [Production] ======================================
info: Sqoolctl.Program[0] @ 2024-12-13T09:40:58.4209541+01:00
      ### SQOOLCTL ### STOP: [0] ===============================================
info: Sqoolctl.Program[0] @ 2024-12-13T09:41:47.4608771+01:00
      ### SQOOLCTL ### START [Production] ======================================
info: Sqoolctl.Program[0] @ 2024-12-13T09:41:47.5716496+01:00
      ### SQOOLCTL ### STOP: [0] ===============================================
info: Sqoolctl.Program[0] @ 2024-12-13T09:42:11.3503724+01:00
      ### SQOOLCTL ### START [Production] ======================================
info: Sqoolctl.Program[0] @ 2024-12-13T09:42:16.7409179+01:00
      ### SQOOLCTL ### STOP: [0] ===============================================
info: Sqoolctl.Program[0] @ 2024-12-13T09:42:51.9383166+01:00
      ### SQOOLCTL ### START [Production] ======================================
info: Sqoolctl.EventCommand[0] @ 2024-12-13T09:42:52.0611827+01:00
      Received event [Lock] with arguments [] and user WORKGROUP\IFP219068526$, SA True
info: System.Net.Http.HttpClient.DeviceManagerService.LogicalHandler[RequestPipelineStart] @ 2024-12-13T09:42:52.1000134+01:00
      => HTTP POST http://localhost:7654/commands
      Start processing HTTP request POST http://localhost:7654/commands
info: System.Net.Http.HttpClient.DeviceManagerService.ClientHandler[RequestStart] @ 2024-12-13T09:42:52.1048291+01:00
      => HTTP POST http://localhost:7654/commands
      Sending HTTP request POST http://localhost:7654/commands
info: System.Net.Http.HttpClient.DeviceManagerService.ClientHandler[RequestEnd] @ 2024-12-13T09:42:54.4857439+01:00
      => HTTP POST http://localhost:7654/commands
      Received HTTP response headers after 2376.4032ms - 200
info: System.Net.Http.HttpClient.DeviceManagerService.LogicalHandler[RequestPipelineEnd] @ 2024-12-13T09:42:54.4905973+01:00
      => HTTP POST http://localhost:7654/commands
      End processing HTTP request after 2399.3191ms - 200
info: System.Net.Http.HttpClient.DeviceManagerService.LogicalHandler[RequestPipelineStart] @ 2024-12-13T09:42:54.4978933+01:00
      => HTTP POST http://localhost:7654/commands
      Start processing HTTP request POST http://localhost:7654/commands
info: System.Net.Http.HttpClient.DeviceManagerService.ClientHandler[RequestStart] @ 2024-12-13T09:42:54.4983660+01:00
      => HTTP POST http://localhost:7654/commands
      Sending HTTP request POST http://localhost:7654/commands
info: System.Net.Http.HttpClient.DeviceManagerService.ClientHandler[RequestEnd] @ 2024-12-13T09:42:54.5127351+01:00
      => HTTP POST http://localhost:7654/commands
      Received HTTP response headers after 14.3615ms - 200
info: System.Net.Http.HttpClient.DeviceManagerService.LogicalHandler[RequestPipelineEnd] @ 2024-12-13T09:42:54.5129529+01:00
      => HTTP POST http://localhost:7654/commands
      End processing HTTP request after 15.1118ms - 200
info: Sqoolctl.Program[0] @ 2024-12-13T09:42:54.5241924+01:00
      ### SQOOLCTL ### STOP: [0] ===============================================
info: Sqoolctl.Program[0] @ 2024-12-13T09:43:01.6526466+01:00
      ### SQOOLCTL ### START [Production] ======================================
info: Sqoolctl.Program[0] @ 2024-12-13T11:40:23.1268108+01:00
      ### SQOOLCTL ### STOP: [0] ===============================================
info: Sqoolctl.Program[0] @ 2024-12-13T11:40:40.8612434+01:00
      ### SQOOLCTL ### START [Production] ======================================
info: Sqoolctl.Program[0] @ 2024-12-13T11:40:43.6301415+01:00
      ### SQOOLCTL ### STOP: [0] ===============================================
info: Sqoolctl.Program[0] @ 2024-12-13T12:10:31.7727535+01:00
      ### SQOOLCTL ### START [Production] ======================================
info: Sqoolctl.Program[0] @ 2024-12-13T12:10:31.8953058+01:00
      ### SQOOLCTL ### STOP: [0] ===============================================
info: Sqoolctl.Program[0] @ 2024-12-13T12:11:04.0624258+01:00
      ### SQOOLCTL ### START [Production] ======================================
info: Sqoolctl.Program[0] @ 2024-12-13T12:11:07.5037241+01:00
      ### SQOOLCTL ### STOP: [0] ===============================================
info: Sqoolctl.Program[0] @ 2024-12-13T12:40:29.2798352+01:00
      ### SQOOLCTL ### START [Production] ======================================
info: Sqoolctl.Program[0] @ 2024-12-13T12:40:32.4091008+01:00
      ### SQOOLCTL ### STOP: [0] ===============================================
info: Sqoolctl.Program[0] @ 2024-12-13T13:32:33.0880969+01:00
      ### SQOOLCTL ### START [Production] ======================================
info: Sqoolctl.Program[0] @ 2024-12-13T13:32:33.3636284+01:00
      ### SQOOLCTL ### STOP: [0] ===============================================
info: Sqoolctl.Program[0] @ 2024-12-13T13:33:26.0240261+01:00
      ### SQOOLCTL ### START [Production] ======================================
info: Sqoolctl.Program[0] @ 2024-12-13T13:33:29.5795096+01:00
      ### SQOOLCTL ### STOP: [0] ===============================================
info: Sqoolctl.Program[0] @ 2024-12-13T19:41:04.5872301+01:00
      ### SQOOLCTL ### START [Production] ======================================
info: Sqoolctl.Program[0] @ 2024-12-13T19:41:08.4388058+01:00
      ### SQOOLCTL ### STOP: [0] ===============================================
info: Sqoolctl.Program[0] @ 2024-12-13T19:41:17.4308040+01:00
      ### SQOOLCTL ### START [Production] ======================================
info: Sqoolctl.Program[0] @ 2024-12-13T19:41:17.5816835+01:00
      ### SQOOLCTL ### STOP: [0] ===============================================
info: Sqoolctl.Program[0] @ 2024-12-13T19:41:18.4855035+01:00
      ### SQOOLCTL ### START [Production] ======================================
info: Sqoolctl.EventCommand[0] @ 2024-12-13T19:41:18.8468678+01:00
      Received event [Unlock] with arguments [] and user WORKGROUP\IFP219068526$, SA True
info: System.Net.Http.HttpClient.DeviceManagerService.LogicalHandler[RequestPipelineStart] @ 2024-12-13T19:41:19.0293704+01:00
      => HTTP POST http://localhost:7654/commands
      Start processing HTTP request POST http://localhost:7654/commands
info: System.Net.Http.HttpClient.DeviceManagerService.ClientHandler[RequestStart] @ 2024-12-13T19:41:19.0346626+01:00
      => HTTP POST http://localhost:7654/commands
      Sending HTTP request POST http://localhost:7654/commands
info: System.Net.Http.HttpClient.DeviceManagerService.ClientHandler[RequestEnd] @ 2024-12-13T19:41:23.1302820+01:00
      => HTTP POST http://localhost:7654/commands
      Received HTTP response headers after 4090.2639ms - 200
info: System.Net.Http.HttpClient.DeviceManagerService.LogicalHandler[RequestPipelineEnd] @ 2024-12-13T19:41:23.1352518+01:00
      => HTTP POST http://localhost:7654/commands
      End processing HTTP request after 4166.2299ms - 200
info: System.Net.Http.HttpClient.DeviceManagerService.LogicalHandler[RequestPipelineStart] @ 2024-12-13T19:41:23.1424115+01:00
      => HTTP POST http://localhost:7654/commands
      Start processing HTTP request POST http://localhost:7654/commands
info: System.Net.Http.HttpClient.DeviceManagerService.ClientHandler[RequestStart] @ 2024-12-13T19:41:23.1429319+01:00
      => HTTP POST http://localhost:7654/commands
      Sending HTTP request POST http://localhost:7654/commands
info: System.Net.Http.HttpClient.DeviceManagerService.ClientHandler[RequestEnd] @ 2024-12-13T19:41:23.1714027+01:00
      => HTTP POST http://localhost:7654/commands
      Received HTTP response headers after 28.4647ms - 200
info: System.Net.Http.HttpClient.DeviceManagerService.LogicalHandler[RequestPipelineEnd] @ 2024-12-13T19:41:23.1716080+01:00
      => HTTP POST http://localhost:7654/commands
      End processing HTTP request after 29.231ms - 200
info: Sqoolctl.Program[0] @ 2024-12-13T19:41:23.1850456+01:00
      ### SQOOLCTL ### STOP: [0] ===============================================
info: Sqoolctl.Program[0] @ 2024-12-13T19:41:54.7140745+01:00
      ### SQOOLCTL ### START [Production] ======================================
info: Sqoolctl.Program[0] @ 2024-12-13T19:41:57.4513670+01:00
      ### SQOOLCTL ### STOP: [0] ===============================================
info: Sqoolctl.Program[0] @ 2024-12-13T19:50:33.2378030+01:00
      ### SQOOLCTL ### START [Production] ======================================
info: Sqoolctl.EventCommand[0] @ 2024-12-13T19:50:33.4243440+01:00
      Received event [Logout] with arguments [] and user WORKGROUP\IFP219068526$, SA True
info: System.Net.Http.HttpClient.DeviceManagerService.LogicalHandler[RequestPipelineStart] @ 2024-12-13T19:50:33.4610329+01:00
      => HTTP POST http://localhost:7654/commands
      Start processing HTTP request POST http://localhost:7654/commands
info: System.Net.Http.HttpClient.DeviceManagerService.ClientHandler[RequestStart] @ 2024-12-13T19:50:33.4656493+01:00
      => HTTP POST http://localhost:7654/commands
      Sending HTTP request POST http://localhost:7654/commands
info: System.Net.Http.HttpClient.DeviceManagerService.ClientHandler[RequestEnd] @ 2024-12-13T19:50:36.6886628+01:00
      => HTTP POST http://localhost:7654/commands
      Received HTTP response headers after 3219.0308ms - 200
info: System.Net.Http.HttpClient.DeviceManagerService.LogicalHandler[RequestPipelineEnd] @ 2024-12-13T19:50:36.6937616+01:00
      => HTTP POST http://localhost:7654/commands
      End processing HTTP request after 3240.1541ms - 200
info: System.Net.Http.HttpClient.DeviceManagerService.LogicalHandler[RequestPipelineStart] @ 2024-12-13T19:50:36.7012629+01:00
      => HTTP POST http://localhost:7654/commands
      Start processing HTTP request POST http://localhost:7654/commands
info: System.Net.Http.HttpClient.DeviceManagerService.ClientHandler[RequestStart] @ 2024-12-13T19:50:36.7016728+01:00
      => HTTP POST http://localhost:7654/commands
      Sending HTTP request POST http://localhost:7654/commands
info: System.Net.Http.HttpClient.DeviceManagerService.ClientHandler[RequestEnd] @ 2024-12-13T19:50:36.7194380+01:00
      => HTTP POST http://localhost:7654/commands
      Received HTTP response headers after 17.7539ms - 200
info: System.Net.Http.HttpClient.DeviceManagerService.LogicalHandler[RequestPipelineEnd] @ 2024-12-13T19:50:36.7196463+01:00
      => HTTP POST http://localhost:7654/commands
      End processing HTTP request after 18.413ms - 200
info: Sqoolctl.Program[0] @ 2024-12-13T19:50:36.7306654+01:00
      ### SQOOLCTL ### STOP: [0] ===============================================
info: Sqoolctl.Program[0] @ 2024-12-13T22:57:43.9759079+01:00
      ### SQOOLCTL ### START [Production] ======================================
info: Sqoolctl.Program[0] @ 2024-12-13T22:57:47.9357396+01:00
      ### SQOOLCTL ### STOP: [0] ===============================================
info: Sqoolctl.Program[0] @ 2024-12-13T23:00:51.1306266+01:00
      ### SQOOLCTL ### START [Production] ======================================
dbug: Sqoolctl.AsUserCommand[0] @ 2024-12-13T23:00:51.3211062+01:00
      Running as user C:\Program Files\Unowhy\HiSqool Manager\sqoolctl\sqoolsys.exe in - with start, elevated False, system False, hidden True, waiting False, modern False
info: Sqoolctl.Program[0] @ 2024-12-13T23:00:51.7514796+01:00
      ### SQOOLCTL ### STOP: [0] ===============================================
info: Sqoolctl.Program[0] @ 2024-12-13T23:00:51.2610239+01:00
      ### SQOOLCTL ### START [Production] ======================================
info: Sqoolctl.EventCommand[0] @ 2024-12-13T23:00:51.4816983+01:00
      Received event [Login] with arguments [] and user WORKGROUP\IFP219068526$, SA True
info: System.Net.Http.HttpClient.DeviceManagerService.LogicalHandler[RequestPipelineStart] @ 2024-12-13T23:00:51.5870212+01:00
      => HTTP POST http://localhost:7654/commands
      Start processing HTTP request POST http://localhost:7654/commands
info: System.Net.Http.HttpClient.DeviceManagerService.ClientHandler[RequestStart] @ 2024-12-13T23:00:51.5921179+01:00
      => HTTP POST http://localhost:7654/commands
      Sending HTTP request POST http://localhost:7654/commands
info: System.Net.Http.HttpClient.DeviceManagerService.ClientHandler[RequestEnd] @ 2024-12-13T23:00:54.1484521+01:00
      => HTTP POST http://localhost:7654/commands
      Received HTTP response headers after 2551.506ms - 200
info: System.Net.Http.HttpClient.DeviceManagerService.LogicalHandler[RequestPipelineEnd] @ 2024-12-13T23:00:54.1539946+01:00
      => HTTP POST http://localhost:7654/commands
      End processing HTTP request after 2574.6802ms - 200
info: System.Net.Http.HttpClient.DeviceManagerService.LogicalHandler[RequestPipelineStart] @ 2024-12-13T23:00:54.1621496+01:00
      => HTTP POST http://localhost:7654/commands
      Start processing HTTP request POST http://localhost:7654/commands
info: System.Net.Http.HttpClient.DeviceManagerService.ClientHandler[RequestStart] @ 2024-12-13T23:00:54.1625719+01:00
      => HTTP POST http://localhost:7654/commands
      Sending HTTP request POST http://localhost:7654/commands
info: System.Net.Http.HttpClient.DeviceManagerService.ClientHandler[RequestEnd] @ 2024-12-13T23:00:54.1782037+01:00
      => HTTP POST http://localhost:7654/commands
      Received HTTP response headers after 15.6195ms - 200
info: System.Net.Http.HttpClient.DeviceManagerService.LogicalHandler[RequestPipelineEnd] @ 2024-12-13T23:00:54.1784019+01:00
      => HTTP POST http://localhost:7654/commands
      End processing HTTP request after 16.2838ms - 200
info: Sqoolctl.Program[0] @ 2024-12-13T23:00:54.1901421+01:00
      ### SQOOLCTL ### STOP: [0] ===============================================
info: Sqoolctl.Program[0] @ 2024-12-13T23:03:38.7079395+01:00
      ### SQOOLCTL ### START [Production] ======================================
info: Sqoolctl.EventCommand[0] @ 2024-12-13T23:03:38.7965461+01:00
      Received event [Logout] with arguments [] and user WORKGROUP\IFP219068526$, SA True
info: System.Net.Http.HttpClient.DeviceManagerService.LogicalHandler[RequestPipelineStart] @ 2024-12-13T23:03:38.8245589+01:00
      => HTTP POST http://localhost:7654/commands
      Start processing HTTP request POST http://localhost:7654/commands
info: System.Net.Http.HttpClient.DeviceManagerService.ClientHandler[RequestStart] @ 2024-12-13T23:03:38.8290197+01:00
      => HTTP POST http://localhost:7654/commands
      Sending HTTP request POST http://localhost:7654/commands
info: System.Net.Http.HttpClient.DeviceManagerService.ClientHandler[RequestEnd] @ 2024-12-13T23:03:41.0390529+01:00
      => HTTP POST http://localhost:7654/commands
      Received HTTP response headers after 2206.2984ms - 200
info: System.Net.Http.HttpClient.DeviceManagerService.LogicalHandler[RequestPipelineEnd] @ 2024-12-13T23:03:41.0433967+01:00
      => HTTP POST http://localhost:7654/commands
      End processing HTTP request after 2226.6037ms - 200
info: System.Net.Http.HttpClient.DeviceManagerService.LogicalHandler[RequestPipelineStart] @ 2024-12-13T23:03:41.0497183+01:00
      => HTTP POST http://localhost:7654/commands
      Start processing HTTP request POST http://localhost:7654/commands
info: System.Net.Http.HttpClient.DeviceManagerService.ClientHandler[RequestStart] @ 2024-12-13T23:03:41.0500917+01:00
      => HTTP POST http://localhost:7654/commands
      Sending HTTP request POST http://localhost:7654/commands
info: System.Net.Http.HttpClient.DeviceManagerService.ClientHandler[RequestEnd] @ 2024-12-13T23:03:41.0653186+01:00
      => HTTP POST http://localhost:7654/commands
      Received HTTP response headers after 15.2161ms - 200
info: System.Net.Http.HttpClient.DeviceManagerService.LogicalHandler[RequestPipelineEnd] @ 2024-12-13T23:03:41.0655217+01:00
      => HTTP POST http://localhost:7654/commands
      End processing HTTP request after 15.8327ms - 200
info: Sqoolctl.Program[0] @ 2024-12-13T23:03:41.0756920+01:00
      ### SQOOLCTL ### STOP: [0] ===============================================
info: Sqoolctl.Program[0] @ 2024-12-13T23:04:39.8376012+01:00
      ### SQOOLCTL ### START [Production] ======================================
info: Sqoolctl.EventCommand[0] @ 2024-12-13T23:04:40.3120021+01:00
      Received event [Boot] with arguments [] and user WORKGROUP\IFP219068526$, SA True
info: Sqoolctl.EventCommand[0] @ 2024-12-13T23:04:40.3127180+01:00
      Sending boot event to device manager...
info: System.Net.Http.HttpClient.DeviceManagerService.LogicalHandler[RequestPipelineStart] @ 2024-12-13T23:04:40.4111314+01:00
      => HTTP POST http://localhost:7654/commands
      Start processing HTTP request POST http://localhost:7654/commands
info: System.Net.Http.HttpClient.DeviceManagerService.ClientHandler[RequestStart] @ 2024-12-13T23:04:40.4161740+01:00
      => HTTP POST http://localhost:7654/commands
      Sending HTTP request POST http://localhost:7654/commands
info: System.Net.Http.HttpClient.DeviceManagerService.ClientHandler[RequestStart] @ 2024-12-13T23:04:48.8789153+01:00
      => HTTP POST http://localhost:7654/commands
      Sending HTTP request POST http://localhost:7654/commands
info: System.Net.Http.HttpClient.DeviceManagerService.ClientHandler[RequestStart] @ 2024-12-13T23:04:56.3447524+01:00
      => HTTP POST http://localhost:7654/commands
      Sending HTTP request POST http://localhost:7654/commands
info: System.Net.Http.HttpClient.DeviceManagerService.ClientHandler[RequestStart] @ 2024-12-13T23:05:03.8764617+01:00
      => HTTP POST http://localhost:7654/commands
      Sending HTTP request POST http://localhost:7654/commands
fail: Sqoolctl.DeviceManagerService[0] @ 2024-12-13T23:05:08.0131800+01:00
      Error while sending commands facts:set, facts:set, units:trigger
System.Net.Http.HttpRequestException: Aucune connexion n’a pu être établie car l’ordinateur cible l’a expressément refusée. (localhost:7654)
 ---> System.Net.Sockets.SocketException (10061): Aucune connexion n’a pu être établie car l’ordinateur cible l’a expressément refusée.
   at System.Net.Sockets.Socket.AwaitableSocketAsyncEventArgs.ThrowException(SocketError error, CancellationToken cancellationToken)
   at System.Net.Sockets.Socket.AwaitableSocketAsyncEventArgs.System.Threading.Tasks.Sources.IValueTaskSource.GetResult(Int16 token)
   at System.Net.Sockets.Socket.<ConnectAsync>g__WaitForConnectWithCancellation|283_0(AwaitableSocketAsyncEventArgs saea, ValueTask connectTask, CancellationToken cancellationToken)
   at System.Net.Http.HttpConnectionPool.DefaultConnectAsync(SocketsHttpConnectionContext context, CancellationToken cancellationToken)
   at System.Net.Http.ConnectHelper.ConnectAsync(Func`3 callback, DnsEndPoint endPoint, HttpRequestMessage requestMessage, CancellationToken cancellationToken)
   --- End of inner exception stack trace ---
   at System.Net.Http.ConnectHelper.ConnectAsync(Func`3 callback, DnsEndPoint endPoint, HttpRequestMessage requestMessage, CancellationToken cancellationToken)
   at System.Net.Http.HttpConnectionPool.ConnectAsync(HttpRequestMessage request, Boolean async, CancellationToken cancellationToken)
   at System.Net.Http.HttpConnectionPool.CreateHttp11ConnectionAsync(HttpRequestMessage request, Boolean async, CancellationToken cancellationToken)
   at System.Net.Http.HttpConnectionPool.GetHttpConnectionAsync(HttpRequestMessage request, Boolean async, CancellationToken cancellationToken)
   at System.Net.Http.HttpConnectionPool.SendWithRetryAsync(HttpRequestMessage request, Boolean async, Boolean doRequestAuth, CancellationToken cancellationToken)
   at System.Net.Http.RedirectHandler.SendAsync(HttpRequestMessage request, Boolean async, CancellationToken cancellationToken)
   at Microsoft.Extensions.Http.Logging.LoggingHttpMessageHandler.SendAsync(HttpRequestMessage request, CancellationToken cancellationToken)
   at Polly.Retry.AsyncRetryEngine.ImplementationAsync[TResult](Func`3 action, Context context, CancellationToken cancellationToken, ExceptionPredicates shouldRetryExceptionPredicates, ResultPredicates`1 shouldRetryResultPredicates, Func`5 onRetryAsync, Int32 permittedRetryCount, IEnumerable`1 sleepDurationsEnumerable, Func`4 sleepDurationProvider, Boolean continueOnCapturedContext)
   at Polly.AsyncPolicy`1.ExecuteAsync(Func`3 action, Context context, CancellationToken cancellationToken, Boolean continueOnCapturedContext)
   at Microsoft.Extensions.Http.PolicyHttpMessageHandler.SendAsync(HttpRequestMessage request, CancellationToken cancellationToken)
   at Microsoft.Extensions.Http.Logging.LoggingScopeHttpMessageHandler.SendAsync(HttpRequestMessage request, CancellationToken cancellationToken)
   at System.Net.Http.HttpClient.SendAsyncCore(HttpRequestMessage request, HttpCompletionOption completionOption, Boolean async, Boolean emitTelemetryStartStop, CancellationToken cancellationToken)
   at Sqoolctl.DeviceManagerService.SendCommands[T](IManagerCommand`1[] commands)
info: Sqoolctl.Program[0] @ 2024-12-13T23:05:08.0270824+01:00
      ### SQOOLCTL ### STOP: [-1] ==============================================
info: Sqoolctl.Program[0] @ 2024-12-13T23:05:15.0791373+01:00
      ### SQOOLCTL ### START [Production] ======================================
info: Sqoolctl.Program[0] @ 2024-12-13T23:05:15.2217735+01:00
      ### SQOOLCTL ### STOP: [0] ===============================================
info: Sqoolctl.Program[0] @ 2024-12-13T23:06:05.2335008+01:00
      ### SQOOLCTL ### START [Production] ======================================
info: Sqoolctl.EventCommand[0] @ 2024-12-13T23:06:05.4664037+01:00
      Received event [Login] with arguments [] and user WORKGROUP\IFP219068526$, SA True
info: System.Net.Http.HttpClient.DeviceManagerService.LogicalHandler[RequestPipelineStart] @ 2024-12-13T23:06:05.5328461+01:00
      => HTTP POST http://localhost:7654/commands
      Start processing HTTP request POST http://localhost:7654/commands
info: System.Net.Http.HttpClient.DeviceManagerService.ClientHandler[RequestStart] @ 2024-12-13T23:06:05.5407387+01:00
      => HTTP POST http://localhost:7654/commands
      Sending HTTP request POST http://localhost:7654/commands
info: System.Net.Http.HttpClient.DeviceManagerService.ClientHandler[RequestEnd] @ 2024-12-13T23:06:08.9922052+01:00
      => HTTP POST http://localhost:7654/commands
      Received HTTP response headers after 3441.0256ms - 200
info: System.Net.Http.HttpClient.DeviceManagerService.LogicalHandler[RequestPipelineEnd] @ 2024-12-13T23:06:09.0008362+01:00
      => HTTP POST http://localhost:7654/commands
      End processing HTTP request after 3476.3116ms - 200
info: System.Net.Http.HttpClient.DeviceManagerService.LogicalHandler[RequestPipelineStart] @ 2024-12-13T23:06:09.0142938+01:00
      => HTTP POST http://localhost:7654/commands
      Start processing HTTP request POST http://localhost:7654/commands
info: System.Net.Http.HttpClient.DeviceManagerService.ClientHandler[RequestStart] @ 2024-12-13T23:06:09.0147172+01:00
      => HTTP POST http://localhost:7654/commands
      Sending HTTP request POST http://localhost:7654/commands
info: System.Net.Http.HttpClient.DeviceManagerService.ClientHandler[RequestEnd] @ 2024-12-13T23:06:09.0493406+01:00
      => HTTP POST http://localhost:7654/commands
      Received HTTP response headers after 34.613ms - 200
info: System.Net.Http.HttpClient.DeviceManagerService.LogicalHandler[RequestPipelineEnd] @ 2024-12-13T23:06:09.0495524+01:00
      => HTTP POST http://localhost:7654/commands
      End processing HTTP request after 35.3067ms - 200
info: Sqoolctl.Program[0] @ 2024-12-13T23:06:09.0619598+01:00
      ### SQOOLCTL ### STOP: [0] ===============================================
info: Sqoolctl.Program[0] @ 2024-12-13T23:06:20.8344075+01:00
      ### SQOOLCTL ### START [Production] ======================================
info: Sqoolctl.Program[0] @ 2024-12-13T23:06:21.0161337+01:00
      ### SQOOLCTL ### STOP: [0] ===============================================
info: Sqoolctl.Program[0] @ 2024-12-13T23:06:52.2823104+01:00
      ### SQOOLCTL ### START [Production] ======================================
info: Sqoolctl.Program[0] @ 2024-12-13T23:07:03.5180108+01:00
      ### SQOOLCTL ### STOP: [0] ===============================================
info: Sqoolctl.Program[0] @ 2024-12-13T23:07:22.0870387+01:00
      ### SQOOLCTL ### START [Production] ======================================
info: Sqoolctl.Program[0] @ 2024-12-13T23:07:25.0093737+01:00
      ### SQOOLCTL ### STOP: [0] ===============================================
info: Sqoolctl.Program[0] @ 2024-12-13T23:37:12.6025464+01:00
      ### SQOOLCTL ### START [Production] ======================================
info: Sqoolctl.Program[0] @ 2024-12-13T23:37:12.7299202+01:00
      ### SQOOLCTL ### STOP: [0] ===============================================
info: Sqoolctl.Program[0] @ 2024-12-13T23:37:55.8034017+01:00
      ### SQOOLCTL ### START [Production] ======================================
info: Sqoolctl.Program[0] @ 2024-12-13T23:38:00.2378741+01:00
      ### SQOOLCTL ### STOP: [0] ===============================================
