info: Sqoolctl.Program[0] @ 2024-12-14T00:06:45.0768379+01:00
      ### SQOOLCTL ### START [Production] ======================================
info: Sqoolctl.EventCommand[0] @ 2024-12-14T00:06:45.2582024+01:00
      Received event [Lock] with arguments [] and user WORKGROUP\IFP219068526$, SA True
info: System.Net.Http.HttpClient.DeviceManagerService.LogicalHandler[RequestPipelineStart] @ 2024-12-14T00:06:45.2942171+01:00
      => HTTP POST http://localhost:7654/commands
      Start processing HTTP request POST http://localhost:7654/commands
info: System.Net.Http.HttpClient.DeviceManagerService.ClientHandler[RequestStart] @ 2024-12-14T00:06:45.3004237+01:00
      => HTTP POST http://localhost:7654/commands
      Sending HTTP request POST http://localhost:7654/commands
info: System.Net.Http.HttpClient.DeviceManagerService.ClientHandler[RequestEnd] @ 2024-12-14T00:44:56.5450125+01:00
      => HTTP POST http://localhost:7654/commands
      Received HTTP response headers after 2291247.5549ms - 200
info: System.Net.Http.HttpClient.DeviceManagerService.LogicalHandler[RequestPipelineEnd] @ 2024-12-14T00:44:56.5504939+01:00
      => HTTP POST http://localhost:7654/commands
      End processing HTTP request after 2291271.4844ms - 200
info: System.Net.Http.HttpClient.DeviceManagerService.LogicalHandler[RequestPipelineStart] @ 2024-12-14T00:44:56.5585509+01:00
      => HTTP POST http://localhost:7654/commands
      Start processing HTTP request POST http://localhost:7654/commands
info: System.Net.Http.HttpClient.DeviceManagerService.ClientHandler[RequestStart] @ 2024-12-14T00:44:56.5590080+01:00
      => HTTP POST http://localhost:7654/commands
      Sending HTTP request POST http://localhost:7654/commands
info: System.Net.Http.HttpClient.DeviceManagerService.ClientHandler[RequestEnd] @ 2024-12-14T00:44:56.7266598+01:00
      => HTTP POST http://localhost:7654/commands
      Received HTTP response headers after 167.6418ms - 200
info: System.Net.Http.HttpClient.DeviceManagerService.LogicalHandler[RequestPipelineEnd] @ 2024-12-14T00:44:56.7268770+01:00
      => HTTP POST http://localhost:7654/commands
      End processing HTTP request after 168.3643ms - 200
info: Sqoolctl.Program[0] @ 2024-12-14T00:44:56.7380929+01:00
      ### SQOOLCTL ### STOP: [0] ===============================================
info: Sqoolctl.Program[0] @ 2024-12-14T00:45:12.9146430+01:00
      ### SQOOLCTL ### START [Production] ======================================
info: Sqoolctl.Program[0] @ 2024-12-14T00:45:16.4923140+01:00
      ### SQOOLCTL ### STOP: [0] ===============================================
info: Sqoolctl.Program[0] @ 2024-12-14T00:46:56.4077513+01:00
      ### SQOOLCTL ### START [Production] ======================================
info: Sqoolctl.EventCommand[0] @ 2024-12-14T00:46:56.5086349+01:00
      Received event [Unlock] with arguments [] and user WORKGROUP\IFP219068526$, SA True
info: System.Net.Http.HttpClient.DeviceManagerService.LogicalHandler[RequestPipelineStart] @ 2024-12-14T00:46:56.5364780+01:00
      => HTTP POST http://localhost:7654/commands
      Start processing HTTP request POST http://localhost:7654/commands
info: System.Net.Http.HttpClient.DeviceManagerService.ClientHandler[RequestStart] @ 2024-12-14T00:46:56.5406919+01:00
      => HTTP POST http://localhost:7654/commands
      Sending HTTP request POST http://localhost:7654/commands
info: System.Net.Http.HttpClient.DeviceManagerService.ClientHandler[RequestEnd] @ 2024-12-14T00:46:58.8080950+01:00
      => HTTP POST http://localhost:7654/commands
      Received HTTP response headers after 2262.9213ms - 200
info: System.Net.Http.HttpClient.DeviceManagerService.LogicalHandler[RequestPipelineEnd] @ 2024-12-14T00:46:58.8123625+01:00
      => HTTP POST http://localhost:7654/commands
      End processing HTTP request after 2282.5124ms - 200
info: System.Net.Http.HttpClient.DeviceManagerService.LogicalHandler[RequestPipelineStart] @ 2024-12-14T00:46:58.8180393+01:00
      => HTTP POST http://localhost:7654/commands
      Start processing HTTP request POST http://localhost:7654/commands
info: System.Net.Http.HttpClient.DeviceManagerService.ClientHandler[RequestStart] @ 2024-12-14T00:46:58.8183713+01:00
      => HTTP POST http://localhost:7654/commands
      Sending HTTP request POST http://localhost:7654/commands
info: System.Net.Http.HttpClient.DeviceManagerService.ClientHandler[RequestEnd] @ 2024-12-14T00:46:58.8325546+01:00
      => HTTP POST http://localhost:7654/commands
      Received HTTP response headers after 14.1714ms - 200
info: System.Net.Http.HttpClient.DeviceManagerService.LogicalHandler[RequestPipelineEnd] @ 2024-12-14T00:46:58.8327870+01:00
      => HTTP POST http://localhost:7654/commands
      End processing HTTP request after 14.7712ms - 200
info: Sqoolctl.Program[0] @ 2024-12-14T00:46:58.8447186+01:00
      ### SQOOLCTL ### STOP: [0] ===============================================
info: Sqoolctl.Program[0] @ 2024-12-14T01:15:06.7867620+01:00
      ### SQOOLCTL ### START [Production] ======================================
info: Sqoolctl.Program[0] @ 2024-12-14T01:15:10.3208884+01:00
      ### SQOOLCTL ### STOP: [0] ===============================================
info: Sqoolctl.Program[0] @ 2024-12-14T01:28:09.1402583+01:00
      ### SQOOLCTL ### START [Production] ======================================
info: Sqoolctl.EventCommand[0] @ 2024-12-14T01:28:09.3472145+01:00
      Received event [Logout] with arguments [] and user WORKGROUP\IFP219068526$, SA True
info: System.Net.Http.HttpClient.DeviceManagerService.LogicalHandler[RequestPipelineStart] @ 2024-12-14T01:28:09.4162810+01:00
      => HTTP POST http://localhost:7654/commands
      Start processing HTTP request POST http://localhost:7654/commands
info: System.Net.Http.HttpClient.DeviceManagerService.ClientHandler[RequestStart] @ 2024-12-14T01:28:09.4223489+01:00
      => HTTP POST http://localhost:7654/commands
      Sending HTTP request POST http://localhost:7654/commands
info: System.Net.Http.HttpClient.DeviceManagerService.ClientHandler[RequestEnd] @ 2024-12-14T01:28:11.7163504+01:00
      => HTTP POST http://localhost:7654/commands
      Received HTTP response headers after 2290.6618ms - 200
info: System.Net.Http.HttpClient.DeviceManagerService.LogicalHandler[RequestPipelineEnd] @ 2024-12-14T01:28:11.7205388+01:00
      => HTTP POST http://localhost:7654/commands
      End processing HTTP request after 2314.5658ms - 200
info: System.Net.Http.HttpClient.DeviceManagerService.LogicalHandler[RequestPipelineStart] @ 2024-12-14T01:28:11.7262764+01:00
      => HTTP POST http://localhost:7654/commands
      Start processing HTTP request POST http://localhost:7654/commands
info: System.Net.Http.HttpClient.DeviceManagerService.ClientHandler[RequestStart] @ 2024-12-14T01:28:11.7266059+01:00
      => HTTP POST http://localhost:7654/commands
      Sending HTTP request POST http://localhost:7654/commands
info: System.Net.Http.HttpClient.DeviceManagerService.ClientHandler[RequestEnd] @ 2024-12-14T01:28:11.7410965+01:00
      => HTTP POST http://localhost:7654/commands
      Received HTTP response headers after 14.4801ms - 200
info: System.Net.Http.HttpClient.DeviceManagerService.LogicalHandler[RequestPipelineEnd] @ 2024-12-14T01:28:11.7413492+01:00
      => HTTP POST http://localhost:7654/commands
      End processing HTTP request after 15.1121ms - 200
info: Sqoolctl.Program[0] @ 2024-12-14T01:28:11.7514975+01:00
      ### SQOOLCTL ### STOP: [0] ===============================================
info: Sqoolctl.Program[0] @ 2024-12-14T12:36:36.1318265+01:00
      ### SQOOLCTL ### START [Production] ======================================
info: Sqoolctl.Program[0] @ 2024-12-14T12:36:40.1744989+01:00
      ### SQOOLCTL ### STOP: [0] ===============================================
info: Sqoolctl.Program[0] @ 2024-12-14T12:36:45.3705563+01:00
      ### SQOOLCTL ### START [Production] ======================================
info: Sqoolctl.EventCommand[0] @ 2024-12-14T12:36:45.6839784+01:00
      Received event [Login] with arguments [] and user WORKGROUP\IFP219068526$, SA True
info: System.Net.Http.HttpClient.DeviceManagerService.LogicalHandler[RequestPipelineStart] @ 2024-12-14T12:36:45.7762095+01:00
      => HTTP POST http://localhost:7654/commands
      Start processing HTTP request POST http://localhost:7654/commands
info: System.Net.Http.HttpClient.DeviceManagerService.ClientHandler[RequestStart] @ 2024-12-14T12:36:45.7827995+01:00
      => HTTP POST http://localhost:7654/commands
      Sending HTTP request POST http://localhost:7654/commands
info: System.Net.Http.HttpClient.DeviceManagerService.ClientHandler[RequestEnd] @ 2024-12-14T12:36:48.4291958+01:00
      => HTTP POST http://localhost:7654/commands
      Received HTTP response headers after 2638.5278ms - 200
info: System.Net.Http.HttpClient.DeviceManagerService.LogicalHandler[RequestPipelineEnd] @ 2024-12-14T12:36:48.4388162+01:00
      => HTTP POST http://localhost:7654/commands
      End processing HTTP request after 2678.4108ms - 200
info: System.Net.Http.HttpClient.DeviceManagerService.LogicalHandler[RequestPipelineStart] @ 2024-12-14T12:36:48.4495975+01:00
      => HTTP POST http://localhost:7654/commands
      Start processing HTTP request POST http://localhost:7654/commands
info: System.Net.Http.HttpClient.DeviceManagerService.ClientHandler[RequestStart] @ 2024-12-14T12:36:48.4511030+01:00
      => HTTP POST http://localhost:7654/commands
      Sending HTTP request POST http://localhost:7654/commands
info: System.Net.Http.HttpClient.DeviceManagerService.ClientHandler[RequestEnd] @ 2024-12-14T12:36:48.4892808+01:00
      => HTTP POST http://localhost:7654/commands
      Received HTTP response headers after 38.1785ms - 200
info: System.Net.Http.HttpClient.DeviceManagerService.LogicalHandler[RequestPipelineEnd] @ 2024-12-14T12:36:48.4895150+01:00
      => HTTP POST http://localhost:7654/commands
      End processing HTTP request after 40.0041ms - 200
info: Sqoolctl.Program[0] @ 2024-12-14T12:36:48.5089024+01:00
      ### SQOOLCTL ### STOP: [0] ===============================================
info: Sqoolctl.Program[0] @ 2024-12-14T13:06:35.5622945+01:00
      ### SQOOLCTL ### START [Production] ======================================
info: Sqoolctl.Program[0] @ 2024-12-14T13:06:39.5941106+01:00
      ### SQOOLCTL ### STOP: [0] ===============================================
info: Sqoolctl.Program[0] @ 2024-12-14T13:36:23.5632266+01:00
      ### SQOOLCTL ### START [Production] ======================================
info: Sqoolctl.Program[0] @ 2024-12-14T13:36:23.7118043+01:00
      ### SQOOLCTL ### STOP: [0] ===============================================
info: Sqoolctl.Program[0] @ 2024-12-14T13:37:16.8116341+01:00
      ### SQOOLCTL ### START [Production] ======================================
info: Sqoolctl.Program[0] @ 2024-12-14T13:37:20.8297207+01:00
      ### SQOOLCTL ### STOP: [0] ===============================================
info: Sqoolctl.Program[0] @ 2024-12-14T13:41:52.6127270+01:00
      ### SQOOLCTL ### START [Production] ======================================
info: Sqoolctl.EventCommand[0] @ 2024-12-14T14:12:05.5515779+01:00
      Received event [Lock] with arguments [] and user WORKGROUP\IFP219068526$, SA True
info: System.Net.Http.HttpClient.DeviceManagerService.LogicalHandler[RequestPipelineStart] @ 2024-12-14T14:12:05.6566369+01:00
      => HTTP POST http://localhost:7654/commands
      Start processing HTTP request POST http://localhost:7654/commands
info: System.Net.Http.HttpClient.DeviceManagerService.ClientHandler[RequestStart] @ 2024-12-14T14:12:05.6614258+01:00
      => HTTP POST http://localhost:7654/commands
      Sending HTTP request POST http://localhost:7654/commands
info: System.Net.Http.HttpClient.DeviceManagerService.ClientHandler[RequestEnd] @ 2024-12-14T14:12:09.8230962+01:00
      => HTTP POST http://localhost:7654/commands
      Received HTTP response headers after 4155.7406ms - 200
info: System.Net.Http.HttpClient.DeviceManagerService.LogicalHandler[RequestPipelineEnd] @ 2024-12-14T14:12:09.8287735+01:00
      => HTTP POST http://localhost:7654/commands
      End processing HTTP request after 4180.3085ms - 200
info: System.Net.Http.HttpClient.DeviceManagerService.LogicalHandler[RequestPipelineStart] @ 2024-12-14T14:12:09.8375287+01:00
      => HTTP POST http://localhost:7654/commands
      Start processing HTTP request POST http://localhost:7654/commands
info: System.Net.Http.HttpClient.DeviceManagerService.ClientHandler[RequestStart] @ 2024-12-14T14:12:09.9302910+01:00
      => HTTP POST http://localhost:7654/commands
      Sending HTTP request POST http://localhost:7654/commands
info: System.Net.Http.HttpClient.DeviceManagerService.ClientHandler[RequestEnd] @ 2024-12-14T14:12:09.9552719+01:00
      => HTTP POST http://localhost:7654/commands
      Received HTTP response headers after 25.052ms - 200
info: System.Net.Http.HttpClient.DeviceManagerService.LogicalHandler[RequestPipelineEnd] @ 2024-12-14T14:12:09.9555598+01:00
      => HTTP POST http://localhost:7654/commands
      End processing HTTP request after 118.0649ms - 200
info: Sqoolctl.Program[0] @ 2024-12-14T14:12:09.9694854+01:00
      ### SQOOLCTL ### STOP: [0] ===============================================
info: Sqoolctl.Program[0] @ 2024-12-14T14:12:24.9210248+01:00
      ### SQOOLCTL ### START [Production] ======================================
info: Sqoolctl.EventCommand[0] @ 2024-12-14T14:12:25.1780770+01:00
      Received event [Unlock] with arguments [] and user WORKGROUP\IFP219068526$, SA True
info: System.Net.Http.HttpClient.DeviceManagerService.LogicalHandler[RequestPipelineStart] @ 2024-12-14T14:12:25.5139859+01:00
      => HTTP POST http://localhost:7654/commands
      Start processing HTTP request POST http://localhost:7654/commands
info: System.Net.Http.HttpClient.DeviceManagerService.ClientHandler[RequestStart] @ 2024-12-14T14:12:25.5202418+01:00
      => HTTP POST http://localhost:7654/commands
      Sending HTTP request POST http://localhost:7654/commands
info: System.Net.Http.HttpClient.DeviceManagerService.ClientHandler[RequestEnd] @ 2024-12-14T14:12:28.9140604+01:00
      => HTTP POST http://localhost:7654/commands
      Received HTTP response headers after 3389.4163ms - 200
info: System.Net.Http.HttpClient.DeviceManagerService.LogicalHandler[RequestPipelineEnd] @ 2024-12-14T14:12:28.9189471+01:00
      => HTTP POST http://localhost:7654/commands
      End processing HTTP request after 3420.6736ms - 200
info: System.Net.Http.HttpClient.DeviceManagerService.LogicalHandler[RequestPipelineStart] @ 2024-12-14T14:12:28.9259952+01:00
      => HTTP POST http://localhost:7654/commands
      Start processing HTTP request POST http://localhost:7654/commands
info: System.Net.Http.HttpClient.DeviceManagerService.ClientHandler[RequestStart] @ 2024-12-14T14:12:28.9265052+01:00
      => HTTP POST http://localhost:7654/commands
      Sending HTTP request POST http://localhost:7654/commands
info: System.Net.Http.HttpClient.DeviceManagerService.ClientHandler[RequestEnd] @ 2024-12-14T14:12:28.9430844+01:00
      => HTTP POST http://localhost:7654/commands
      Received HTTP response headers after 16.568ms - 200
info: System.Net.Http.HttpClient.DeviceManagerService.LogicalHandler[RequestPipelineEnd] @ 2024-12-14T14:12:28.9433648+01:00
      => HTTP POST http://localhost:7654/commands
      End processing HTTP request after 17.4018ms - 200
info: Sqoolctl.Program[0] @ 2024-12-14T14:12:28.9555249+01:00
      ### SQOOLCTL ### STOP: [0] ===============================================
info: Sqoolctl.Program[0] @ 2024-12-14T14:12:31.2154524+01:00
      ### SQOOLCTL ### START [Production] ======================================
info: Sqoolctl.Program[0] @ 2024-12-14T14:12:35.1694488+01:00
      ### SQOOLCTL ### STOP: [0] ===============================================
info: Sqoolctl.Program[0] @ 2024-12-14T14:18:10.5800403+01:00
      ### SQOOLCTL ### START [Production] ======================================
info: Sqoolctl.EventCommand[0] @ 2024-12-14T14:18:10.6830951+01:00
      Received event [Logout] with arguments [] and user WORKGROUP\IFP219068526$, SA True
info: System.Net.Http.HttpClient.DeviceManagerService.LogicalHandler[RequestPipelineStart] @ 2024-12-14T14:18:10.7057654+01:00
      => HTTP POST http://localhost:7654/commands
      Start processing HTTP request POST http://localhost:7654/commands
info: System.Net.Http.HttpClient.DeviceManagerService.ClientHandler[RequestStart] @ 2024-12-14T14:18:10.7105692+01:00
      => HTTP POST http://localhost:7654/commands
      Sending HTTP request POST http://localhost:7654/commands
info: System.Net.Http.HttpClient.DeviceManagerService.ClientHandler[RequestEnd] @ 2024-12-14T14:18:12.9269519+01:00
      => HTTP POST http://localhost:7654/commands
      Received HTTP response headers after 2212.8529ms - 200
info: System.Net.Http.HttpClient.DeviceManagerService.LogicalHandler[RequestPipelineEnd] @ 2024-12-14T14:18:12.9310351+01:00
      => HTTP POST http://localhost:7654/commands
      End processing HTTP request after 2231.7851ms - 200
info: System.Net.Http.HttpClient.DeviceManagerService.LogicalHandler[RequestPipelineStart] @ 2024-12-14T14:18:12.9368504+01:00
      => HTTP POST http://localhost:7654/commands
      Start processing HTTP request POST http://localhost:7654/commands
info: System.Net.Http.HttpClient.DeviceManagerService.ClientHandler[RequestStart] @ 2024-12-14T14:18:12.9371927+01:00
      => HTTP POST http://localhost:7654/commands
      Sending HTTP request POST http://localhost:7654/commands
info: System.Net.Http.HttpClient.DeviceManagerService.ClientHandler[RequestEnd] @ 2024-12-14T14:18:12.9506827+01:00
      => HTTP POST http://localhost:7654/commands
      Received HTTP response headers after 13.4786ms - 200
info: System.Net.Http.HttpClient.DeviceManagerService.LogicalHandler[RequestPipelineEnd] @ 2024-12-14T14:18:12.9509021+01:00
      => HTTP POST http://localhost:7654/commands
      End processing HTTP request after 14.1072ms - 200
info: Sqoolctl.Program[0] @ 2024-12-14T14:18:12.9611181+01:00
      ### SQOOLCTL ### STOP: [0] ===============================================
info: Sqoolctl.Program[0] @ 2024-12-14T15:19:49.3822422+01:00
      ### SQOOLCTL ### START [Production] ======================================
info: Sqoolctl.Program[0] @ 2024-12-14T15:19:53.7489530+01:00
      ### SQOOLCTL ### STOP: [0] ===============================================
info: Sqoolctl.Program[0] @ 2024-12-14T15:19:55.6014077+01:00
      ### SQOOLCTL ### START [Production] ======================================
dbug: Sqoolctl.AsUserCommand[0] @ 2024-12-14T15:19:55.8198712+01:00
      Running as user C:\Program Files\Unowhy\HiSqool Manager\sqoolctl\sqoolsys.exe in - with start, elevated False, system False, hidden True, waiting False, modern False
info: Sqoolctl.Program[0] @ 2024-12-14T15:19:56.4140369+01:00
      ### SQOOLCTL ### STOP: [0] ===============================================
info: Sqoolctl.Program[0] @ 2024-12-14T15:19:55.5808853+01:00
      ### SQOOLCTL ### START [Production] ======================================
info: Sqoolctl.EventCommand[0] @ 2024-12-14T15:19:55.8662774+01:00
      Received event [Login] with arguments [] and user WORKGROUP\IFP219068526$, SA True
info: System.Net.Http.HttpClient.DeviceManagerService.LogicalHandler[RequestPipelineStart] @ 2024-12-14T15:19:55.9493815+01:00
      => HTTP POST http://localhost:7654/commands
      Start processing HTTP request POST http://localhost:7654/commands
info: System.Net.Http.HttpClient.DeviceManagerService.ClientHandler[RequestStart] @ 2024-12-14T15:19:55.9631160+01:00
      => HTTP POST http://localhost:7654/commands
      Sending HTTP request POST http://localhost:7654/commands
info: System.Net.Http.HttpClient.DeviceManagerService.ClientHandler[RequestEnd] @ 2024-12-14T15:19:58.5740960+01:00
      => HTTP POST http://localhost:7654/commands
      Received HTTP response headers after 2603.2183ms - 200
info: System.Net.Http.HttpClient.DeviceManagerService.LogicalHandler[RequestPipelineEnd] @ 2024-12-14T15:19:58.5813570+01:00
      => HTTP POST http://localhost:7654/commands
      End processing HTTP request after 2653.6613ms - 200
info: System.Net.Http.HttpClient.DeviceManagerService.LogicalHandler[RequestPipelineStart] @ 2024-12-14T15:19:58.5953083+01:00
      => HTTP POST http://localhost:7654/commands
      Start processing HTTP request POST http://localhost:7654/commands
info: System.Net.Http.HttpClient.DeviceManagerService.ClientHandler[RequestStart] @ 2024-12-14T15:19:58.5958316+01:00
      => HTTP POST http://localhost:7654/commands
      Sending HTTP request POST http://localhost:7654/commands
info: System.Net.Http.HttpClient.DeviceManagerService.ClientHandler[RequestEnd] @ 2024-12-14T15:19:58.6183544+01:00
      => HTTP POST http://localhost:7654/commands
      Received HTTP response headers after 22.5137ms - 200
info: System.Net.Http.HttpClient.DeviceManagerService.LogicalHandler[RequestPipelineEnd] @ 2024-12-14T15:19:58.6185329+01:00
      => HTTP POST http://localhost:7654/commands
      End processing HTTP request after 23.2598ms - 200
info: Sqoolctl.Program[0] @ 2024-12-14T15:19:58.6363206+01:00
      ### SQOOLCTL ### STOP: [0] ===============================================
info: Sqoolctl.Program[0] @ 2024-12-14T15:24:11.4396447+01:00
      ### SQOOLCTL ### START [Production] ======================================
info: Sqoolctl.EventCommand[0] @ 2024-12-14T18:22:20.3003544+01:00
      Received event [Lock] with arguments [] and user WORKGROUP\IFP219068526$, SA True
info: System.Net.Http.HttpClient.DeviceManagerService.LogicalHandler[RequestPipelineStart] @ 2024-12-14T18:22:20.5811934+01:00
      => HTTP POST http://localhost:7654/commands
      Start processing HTTP request POST http://localhost:7654/commands
info: System.Net.Http.HttpClient.DeviceManagerService.ClientHandler[RequestStart] @ 2024-12-14T18:22:20.6070427+01:00
      => HTTP POST http://localhost:7654/commands
      Sending HTTP request POST http://localhost:7654/commands
info: System.Net.Http.HttpClient.DeviceManagerService.ClientHandler[RequestEnd] @ 2024-12-14T18:22:24.4366080+01:00
      => HTTP POST http://localhost:7654/commands
      Received HTTP response headers after 3825.2228ms - 200
info: System.Net.Http.HttpClient.DeviceManagerService.LogicalHandler[RequestPipelineEnd] @ 2024-12-14T18:22:24.4427752+01:00
      => HTTP POST http://localhost:7654/commands
      End processing HTTP request after 3875.8004ms - 200
info: System.Net.Http.HttpClient.DeviceManagerService.LogicalHandler[RequestPipelineStart] @ 2024-12-14T18:22:24.4510429+01:00
      => HTTP POST http://localhost:7654/commands
      Start processing HTTP request POST http://localhost:7654/commands
info: System.Net.Http.HttpClient.DeviceManagerService.ClientHandler[RequestStart] @ 2024-12-14T18:22:24.4514897+01:00
      => HTTP POST http://localhost:7654/commands
      Sending HTTP request POST http://localhost:7654/commands
info: System.Net.Http.HttpClient.DeviceManagerService.ClientHandler[RequestEnd] @ 2024-12-14T18:22:24.4690634+01:00
      => HTTP POST http://localhost:7654/commands
      Received HTTP response headers after 17.5635ms - 200
info: System.Net.Http.HttpClient.DeviceManagerService.LogicalHandler[RequestPipelineEnd] @ 2024-12-14T18:22:24.4693073+01:00
      => HTTP POST http://localhost:7654/commands
      End processing HTTP request after 18.2961ms - 200
info: Sqoolctl.Program[0] @ 2024-12-14T18:22:24.4821303+01:00
      ### SQOOLCTL ### STOP: [0] ===============================================
info: Sqoolctl.Program[0] @ 2024-12-14T18:22:36.1749449+01:00
      ### SQOOLCTL ### START [Production] ======================================
info: Sqoolctl.Program[0] @ 2024-12-14T18:22:39.5059578+01:00
      ### SQOOLCTL ### STOP: [0] ===============================================
info: Sqoolctl.Program[0] @ 2024-12-14T18:22:41.7496632+01:00
      ### SQOOLCTL ### START [Production] ======================================
info: Sqoolctl.EventCommand[0] @ 2024-12-14T18:22:41.8365160+01:00
      Received event [Unlock] with arguments [] and user WORKGROUP\IFP219068526$, SA True
info: System.Net.Http.HttpClient.DeviceManagerService.LogicalHandler[RequestPipelineStart] @ 2024-12-14T18:22:41.8633053+01:00
      => HTTP POST http://localhost:7654/commands
      Start processing HTTP request POST http://localhost:7654/commands
info: System.Net.Http.HttpClient.DeviceManagerService.ClientHandler[RequestStart] @ 2024-12-14T18:22:41.8670987+01:00
      => HTTP POST http://localhost:7654/commands
      Sending HTTP request POST http://localhost:7654/commands
info: System.Net.Http.HttpClient.DeviceManagerService.ClientHandler[RequestEnd] @ 2024-12-14T18:22:44.0854660+01:00
      => HTTP POST http://localhost:7654/commands
      Received HTTP response headers after 2214.6443ms - 200
info: System.Net.Http.HttpClient.DeviceManagerService.LogicalHandler[RequestPipelineEnd] @ 2024-12-14T18:22:44.0904514+01:00
      => HTTP POST http://localhost:7654/commands
      End processing HTTP request after 2233.1875ms - 200
info: System.Net.Http.HttpClient.DeviceManagerService.LogicalHandler[RequestPipelineStart] @ 2024-12-14T18:22:44.0971643+01:00
      => HTTP POST http://localhost:7654/commands
      Start processing HTTP request POST http://localhost:7654/commands
info: System.Net.Http.HttpClient.DeviceManagerService.ClientHandler[RequestStart] @ 2024-12-14T18:22:44.0975962+01:00
      => HTTP POST http://localhost:7654/commands
      Sending HTTP request POST http://localhost:7654/commands
info: System.Net.Http.HttpClient.DeviceManagerService.ClientHandler[RequestEnd] @ 2024-12-14T18:22:44.1118211+01:00
      => HTTP POST http://localhost:7654/commands
      Received HTTP response headers after 14.2127ms - 200
info: System.Net.Http.HttpClient.DeviceManagerService.LogicalHandler[RequestPipelineEnd] @ 2024-12-14T18:22:44.1120978+01:00
      => HTTP POST http://localhost:7654/commands
      End processing HTTP request after 14.9633ms - 200
info: Sqoolctl.Program[0] @ 2024-12-14T18:22:44.1228451+01:00
      ### SQOOLCTL ### STOP: [0] ===============================================
info: Sqoolctl.Program[0] @ 2024-12-14T18:34:48.8337026+01:00
      ### SQOOLCTL ### START [Production] ======================================
info: Sqoolctl.EventCommand[0] @ 2024-12-14T21:34:50.4685766+01:00
      Received event [Lock] with arguments [] and user WORKGROUP\IFP219068526$, SA True
info: System.Net.Http.HttpClient.DeviceManagerService.LogicalHandler[RequestPipelineStart] @ 2024-12-14T21:34:50.6910616+01:00
      => HTTP POST http://localhost:7654/commands
      Start processing HTTP request POST http://localhost:7654/commands
info: System.Net.Http.HttpClient.DeviceManagerService.ClientHandler[RequestStart] @ 2024-12-14T21:34:50.6966453+01:00
      => HTTP POST http://localhost:7654/commands
      Sending HTTP request POST http://localhost:7654/commands
info: System.Net.Http.HttpClient.DeviceManagerService.ClientHandler[RequestEnd] @ 2024-12-14T21:34:53.9519380+01:00
      => HTTP POST http://localhost:7654/commands
      Received HTTP response headers after 3251.2293ms - 200
info: System.Net.Http.HttpClient.DeviceManagerService.LogicalHandler[RequestPipelineEnd] @ 2024-12-14T21:34:53.9574020+01:00
      => HTTP POST http://localhost:7654/commands
      End processing HTTP request after 3287.9071ms - 200
info: System.Net.Http.HttpClient.DeviceManagerService.LogicalHandler[RequestPipelineStart] @ 2024-12-14T21:34:53.9649258+01:00
      => HTTP POST http://localhost:7654/commands
      Start processing HTTP request POST http://localhost:7654/commands
info: System.Net.Http.HttpClient.DeviceManagerService.ClientHandler[RequestStart] @ 2024-12-14T21:34:53.9653869+01:00
      => HTTP POST http://localhost:7654/commands
      Sending HTTP request POST http://localhost:7654/commands
info: System.Net.Http.HttpClient.DeviceManagerService.ClientHandler[RequestEnd] @ 2024-12-14T21:34:53.9801383+01:00
      => HTTP POST http://localhost:7654/commands
      Received HTTP response headers after 14.7388ms - 200
info: System.Net.Http.HttpClient.DeviceManagerService.LogicalHandler[RequestPipelineEnd] @ 2024-12-14T21:34:53.9803717+01:00
      => HTTP POST http://localhost:7654/commands
      End processing HTTP request after 15.4948ms - 200
info: Sqoolctl.Program[0] @ 2024-12-14T21:34:53.9917516+01:00
      ### SQOOLCTL ### STOP: [0] ===============================================
