info: Sqoolctl.Program[0] @ 2024-12-16T22:03:45.8706028+01:00
      ### SQOOLCTL ### START [Production] ======================================
info: Sqoolctl.Program[0] @ 2024-12-16T22:03:50.5357699+01:00
      ### SQOOLCTL ### STOP: [0] ===============================================
info: Sqoolctl.Program[0] @ 2024-12-16T22:03:51.4736161+01:00
      ### SQOOLCTL ### START [Production] ======================================
info: Sqoolctl.EventCommand[0] @ 2024-12-16T22:03:51.7743998+01:00
      Received event [Unlock] with arguments [] and user WORKGROUP\IFP219068526$, SA True
info: System.Net.Http.HttpClient.DeviceManagerService.LogicalHandler[RequestPipelineStart] @ 2024-12-16T22:03:51.9076457+01:00
      => HTTP POST http://localhost:7654/commands
      Start processing HTTP request POST http://localhost:7654/commands
info: System.Net.Http.HttpClient.DeviceManagerService.ClientHandler[RequestStart] @ 2024-12-16T22:03:51.9126820+01:00
      => HTTP POST http://localhost:7654/commands
      Sending HTTP request POST http://localhost:7654/commands
info: System.Net.Http.HttpClient.DeviceManagerService.ClientHandler[RequestEnd] @ 2024-12-16T22:03:55.4865506+01:00
      => HTTP POST http://localhost:7654/commands
      Received HTTP response headers after 3569.6855ms - 200
info: System.Net.Http.HttpClient.DeviceManagerService.LogicalHandler[RequestPipelineEnd] @ 2024-12-16T22:03:55.4916375+01:00
      => HTTP POST http://localhost:7654/commands
      End processing HTTP request after 3591.8789ms - 200
info: System.Net.Http.HttpClient.DeviceManagerService.LogicalHandler[RequestPipelineStart] @ 2024-12-16T22:03:55.4988864+01:00
      => HTTP POST http://localhost:7654/commands
      Start processing HTTP request POST http://localhost:7654/commands
info: System.Net.Http.HttpClient.DeviceManagerService.ClientHandler[RequestStart] @ 2024-12-16T22:03:55.4993512+01:00
      => HTTP POST http://localhost:7654/commands
      Sending HTTP request POST http://localhost:7654/commands
info: System.Net.Http.HttpClient.DeviceManagerService.ClientHandler[RequestEnd] @ 2024-12-16T22:03:55.5646899+01:00
      => HTTP POST http://localhost:7654/commands
      Received HTTP response headers after 65.3276ms - 200
info: System.Net.Http.HttpClient.DeviceManagerService.LogicalHandler[RequestPipelineEnd] @ 2024-12-16T22:03:55.5649317+01:00
      => HTTP POST http://localhost:7654/commands
      End processing HTTP request after 66.0821ms - 200
info: Sqoolctl.Program[0] @ 2024-12-16T22:03:55.5763048+01:00
      ### SQOOLCTL ### STOP: [0] ===============================================
info: Sqoolctl.Program[0] @ 2024-12-16T22:04:35.1431120+01:00
      ### SQOOLCTL ### START [Production] ======================================
info: Sqoolctl.Program[0] @ 2024-12-16T22:04:38.0970302+01:00
      ### SQOOLCTL ### STOP: [0] ===============================================
info: Sqoolctl.Program[0] @ 2024-12-16T22:15:20.5879527+01:00
      ### SQOOLCTL ### START [Production] ======================================
info: Sqoolctl.EventCommand[0] @ 2024-12-16T22:15:20.6776169+01:00
      Received event [Lock] with arguments [] and user WORKGROUP\IFP219068526$, SA True
info: System.Net.Http.HttpClient.DeviceManagerService.LogicalHandler[RequestPipelineStart] @ 2024-12-16T22:15:20.7042849+01:00
      => HTTP POST http://localhost:7654/commands
      Start processing HTTP request POST http://localhost:7654/commands
info: System.Net.Http.HttpClient.DeviceManagerService.ClientHandler[RequestStart] @ 2024-12-16T22:15:20.7079208+01:00
      => HTTP POST http://localhost:7654/commands
      Sending HTTP request POST http://localhost:7654/commands
info: System.Net.Http.HttpClient.DeviceManagerService.ClientHandler[RequestEnd] @ 2024-12-16T22:15:22.9196638+01:00
      => HTTP POST http://localhost:7654/commands
      Received HTTP response headers after 2208.254ms - 200
info: System.Net.Http.HttpClient.DeviceManagerService.LogicalHandler[RequestPipelineEnd] @ 2024-12-16T22:15:22.9238995+01:00
      => HTTP POST http://localhost:7654/commands
      End processing HTTP request after 2225.5711ms - 200
info: System.Net.Http.HttpClient.DeviceManagerService.LogicalHandler[RequestPipelineStart] @ 2024-12-16T22:15:22.9295983+01:00
      => HTTP POST http://localhost:7654/commands
      Start processing HTTP request POST http://localhost:7654/commands
info: System.Net.Http.HttpClient.DeviceManagerService.ClientHandler[RequestStart] @ 2024-12-16T22:15:22.9299379+01:00
      => HTTP POST http://localhost:7654/commands
      Sending HTTP request POST http://localhost:7654/commands
info: System.Net.Http.HttpClient.DeviceManagerService.ClientHandler[RequestEnd] @ 2024-12-16T22:15:22.9435891+01:00
      => HTTP POST http://localhost:7654/commands
      Received HTTP response headers after 13.6387ms - 200
info: System.Net.Http.HttpClient.DeviceManagerService.LogicalHandler[RequestPipelineEnd] @ 2024-12-16T22:15:22.9438459+01:00
      => HTTP POST http://localhost:7654/commands
      End processing HTTP request after 14.2742ms - 200
info: Sqoolctl.Program[0] @ 2024-12-16T22:15:22.9538069+01:00
      ### SQOOLCTL ### STOP: [0] ===============================================
info: Sqoolctl.Program[0] @ 2024-12-16T22:19:39.0228953+01:00
      ### SQOOLCTL ### START [Production] ======================================
info: Sqoolctl.EventCommand[0] @ 2024-12-16T22:19:39.1084594+01:00
      Received event [Unlock] with arguments [] and user WORKGROUP\IFP219068526$, SA True
info: System.Net.Http.HttpClient.DeviceManagerService.LogicalHandler[RequestPipelineStart] @ 2024-12-16T22:19:39.1347173+01:00
      => HTTP POST http://localhost:7654/commands
      Start processing HTTP request POST http://localhost:7654/commands
info: System.Net.Http.HttpClient.DeviceManagerService.ClientHandler[RequestStart] @ 2024-12-16T22:19:39.1383952+01:00
      => HTTP POST http://localhost:7654/commands
      Sending HTTP request POST http://localhost:7654/commands
info: System.Net.Http.HttpClient.DeviceManagerService.ClientHandler[RequestEnd] @ 2024-12-16T22:19:41.3637541+01:00
      => HTTP POST http://localhost:7654/commands
      Received HTTP response headers after 2221.8802ms - 200
info: System.Net.Http.HttpClient.DeviceManagerService.LogicalHandler[RequestPipelineEnd] @ 2024-12-16T22:19:41.3679015+01:00
      => HTTP POST http://localhost:7654/commands
      End processing HTTP request after 2239.1439ms - 200
info: System.Net.Http.HttpClient.DeviceManagerService.LogicalHandler[RequestPipelineStart] @ 2024-12-16T22:19:41.3735624+01:00
      => HTTP POST http://localhost:7654/commands
      Start processing HTTP request POST http://localhost:7654/commands
info: System.Net.Http.HttpClient.DeviceManagerService.ClientHandler[RequestStart] @ 2024-12-16T22:19:41.3738751+01:00
      => HTTP POST http://localhost:7654/commands
      Sending HTTP request POST http://localhost:7654/commands
info: System.Net.Http.HttpClient.DeviceManagerService.ClientHandler[RequestEnd] @ 2024-12-16T22:19:41.3895995+01:00
      => HTTP POST http://localhost:7654/commands
      Received HTTP response headers after 15.7109ms - 200
info: System.Net.Http.HttpClient.DeviceManagerService.LogicalHandler[RequestPipelineEnd] @ 2024-12-16T22:19:41.3898709+01:00
      => HTTP POST http://localhost:7654/commands
      End processing HTTP request after 16.332ms - 200
info: Sqoolctl.Program[0] @ 2024-12-16T22:19:41.3998697+01:00
      ### SQOOLCTL ### STOP: [0] ===============================================
info: Sqoolctl.Program[0] @ 2024-12-16T22:34:36.9354517+01:00
      ### SQOOLCTL ### START [Production] ======================================
info: Sqoolctl.Program[0] @ 2024-12-16T22:34:40.5363576+01:00
      ### SQOOLCTL ### STOP: [0] ===============================================
info: Sqoolctl.Program[0] @ 2024-12-16T23:04:25.6100537+01:00
      ### SQOOLCTL ### START [Production] ======================================
info: Sqoolctl.Program[0] @ 2024-12-16T23:04:25.8120071+01:00
      ### SQOOLCTL ### STOP: [0] ===============================================
info: Sqoolctl.Program[0] @ 2024-12-16T23:05:15.8625877+01:00
      ### SQOOLCTL ### START [Production] ======================================
info: Sqoolctl.Program[0] @ 2024-12-16T23:05:19.9442974+01:00
      ### SQOOLCTL ### STOP: [0] ===============================================
info: Sqoolctl.Program[0] @ 2024-12-16T23:23:48.7374301+01:00
      ### SQOOLCTL ### START [Production] ======================================
info: Sqoolctl.EventCommand[0] @ 2024-12-16T23:23:48.8822385+01:00
      Received event [Logout] with arguments [] and user WORKGROUP\IFP219068526$, SA True
info: System.Net.Http.HttpClient.DeviceManagerService.LogicalHandler[RequestPipelineStart] @ 2024-12-16T23:23:48.9152760+01:00
      => HTTP POST http://localhost:7654/commands
      Start processing HTTP request POST http://localhost:7654/commands
info: System.Net.Http.HttpClient.DeviceManagerService.ClientHandler[RequestStart] @ 2024-12-16T23:23:48.9246269+01:00
      => HTTP POST http://localhost:7654/commands
      Sending HTTP request POST http://localhost:7654/commands
