2007/12/19 11:34:09 Starting cygwin install, version 2.573.2.2
2007/12/19 11:34:09 io_stream_cygfile: fopen(/etc/setup/last-action) failed 2 No such file or directory
2007/12/19 11:34:09 io_stream_cygfile: fopen(/etc/setup/last-mirror) failed 2 No such file or directory
2007/12/19 11:34:09 io_stream_cygfile: fopen(/etc/setup/last-connection) failed 2 No such file or directory
2007/12/19 11:34:09 io_stream_cygfile: fopen(/etc/setup/last-cache) failed 2 No such file or directory
2007/12/19 11:34:09 Current Directory: C:\Documents and Settings\Bernard Parisse\Bureau
2007/12/19 11:34:09 Changing gid to Users
2007/12/19 11:34:09 Could not open service McShield for query, start and stop. McAfee may not be installed, or we don't have access.
2007/12/19 11:34:12 io_stream_cygfile: fopen(/etc/setup/last-action) failed 2 No such file or directory
2007/12/19 11:34:12 io_stream_cygfile: fopen(/etc/setup/last-mirror) failed 2 No such file or directory
2007/12/19 11:34:12 io_stream_cygfile: fopen(/etc/setup/last-connection) failed 2 No such file or directory
2007/12/19 11:34:12 io_stream_cygfile: fopen(/etc/setup/last-cache) failed 2 No such file or directory
2007/12/19 11:34:12 Ending cygwin install
2007/12/19 11:38:09 Starting cygwin install, version 2.573.2.2
2007/12/19 11:38:09 io_stream_cygfile: fopen(/etc/setup/last-action) failed 2 No such file or directory
2007/12/19 11:38:09 io_stream_cygfile: fopen(/etc/setup/last-mirror) failed 2 No such file or directory
2007/12/19 11:38:09 io_stream_cygfile: fopen(/etc/setup/last-connection) failed 2 No such file or directory
2007/12/19 11:38:09 io_stream_cygfile: fopen(/etc/setup/last-cache) failed 2 No such file or directory
2007/12/19 11:38:09 Current Directory: C:\Documents and Settings\Bernard Parisse\Bureau
2007/12/19 11:38:09 Changing gid to Users
2007/12/19 11:38:09 Could not open service McShield for query, start and stop. McAfee may not be installed, or we don't have access.
2007/12/19 11:38:10 io_stream_cygfile: fopen(/etc/setup/last-action) failed 2 No such file or directory
2007/12/19 11:38:10 io_stream_cygfile: fopen(/etc/setup/last-mirror) failed 2 No such file or directory
2007/12/19 11:38:10 io_stream_cygfile: fopen(/etc/setup/last-connection) failed 2 No such file or directory
2007/12/19 11:38:10 io_stream_cygfile: fopen(/etc/setup/last-cache) failed 2 No such file or directory
2007/12/19 11:38:10 Ending cygwin install
2007/12/19 11:39:55 Starting cygwin install, version 2.573.2.2
2007/12/19 11:39:55 io_stream_cygfile: fopen(/etc/setup/last-action) failed 2 No such file or directory
2007/12/19 11:39:55 io_stream_cygfile: fopen(/etc/setup/last-mirror) failed 2 No such file or directory
2007/12/19 11:39:55 io_stream_cygfile: fopen(/etc/setup/last-connection) failed 2 No such file or directory
2007/12/19 11:39:55 io_stream_cygfile: fopen(/etc/setup/last-cache) failed 2 No such file or directory
2007/12/19 11:39:55 Current Directory: C:\Documents and Settings\Bernard Parisse\Bureau
2007/12/19 11:39:55 Changing gid to Users
2007/12/19 11:39:55 Could not open service McShield for query, start and stop. McAfee may not be installed, or we don't have access.
2007/12/19 11:39:58 io_stream_cygfile: fopen(/etc/setup/installed.db) failed 2 No such file or directory
2007/12/19 11:39:58 source: network install
2007/12/19 11:40:00 io_stream_cygfile: fopen(/etc/setup/last-action) failed 2 No such file or directory
2007/12/19 11:40:00 io_stream_cygfile: fopen(/etc/setup/last-mirror) failed 2 No such file or directory
2007/12/19 11:40:00 io_stream_cygfile: fopen(/etc/setup/last-connection) failed 2 No such file or directory
2007/12/19 11:40:00 io_stream_cygfile: fopen(/etc/setup/last-cache) failed 2 No such file or directory
2007/12/19 11:40:00 Ending cygwin install
